app/build/intermediates/manifest_merge_blame_file/debug/manifest-merger-blame-debug-report.txt
1<?xml version="1.0" encoding="utf-8"?>
2<manifest xmlns:android="http://schemas.android.com/apk/res/android"
3    package="edu.umich.aehill.reminiscetest"
4    android:versionCode="1"
5    android:versionName="1.0" >
6
7    <uses-sdk
8        android:minSdkVersion="33"
8-->src\main\AndroidManifest.xml
9        android:targetSdkVersion="33" />
9-->src\main\AndroidManifest.xml
10
11    <uses-permission android:name="android.permission.INTERNET" />
11-->src\main\AndroidManifest.xml:5:5-67
11-->src\main\AndroidManifest.xml:5:22-64
12    <uses-permission android:name="android.permission.CAMERA" />
12-->src\main\AndroidManifest.xml:6:5-65
12-->src\main\AndroidManifest.xml:6:22-62
13    <uses-permission android:name="android.permission.RECORD_AUDIO" />
13-->src\main\AndroidManifest.xml:7:5-71
13-->src\main\AndroidManifest.xml:7:22-68
14    <uses-permission android:name="android.permission.READ_MEDIA_IMAGES" />
14-->src\main\AndroidManifest.xml:8:5-76
14-->src\main\AndroidManifest.xml:8:22-73
15    <uses-permission android:name="android.permission.READ_MEDIA_VIDEO" />
15-->src\main\AndroidManifest.xml:9:5-75
15-->src\main\AndroidManifest.xml:9:22-72
16
17    <application
17-->src\main\AndroidManifest.xml:11:5-31:19
18        android:allowBackup="true"
18-->src\main\AndroidManifest.xml:12:9-35
19        android:appComponentFactory="androidx.core.app.CoreComponentFactory"
19-->[androidx.core:core:1.8.0] AndroidManifest.xml:24:18-86
20        android:dataExtractionRules="@xml/data_extraction_rules"
20-->src\main\AndroidManifest.xml:13:9-65
21        android:debuggable="true"
22        android:extractNativeLibs="false"
23        android:fullBackupContent="@xml/backup_rules"
23-->src\main\AndroidManifest.xml:14:9-54
24        android:icon="@mipmap/ic_launcher"
24-->src\main\AndroidManifest.xml:15:9-43
25        android:label="@string/app_name"
25-->src\main\AndroidManifest.xml:16:9-41
26        android:supportsRtl="true"
26-->src\main\AndroidManifest.xml:17:9-35
27        android:theme="@style/Theme.ReminisceTest" >
27-->src\main\AndroidManifest.xml:18:9-51
28        <activity
28-->src\main\AndroidManifest.xml:20:9-30:20
29            android:name="edu.umich.aehill.reminiscetest.MainActivity"
29-->src\main\AndroidManifest.xml:21:13-41
30            android:exported="true"
30-->src\main\AndroidManifest.xml:22:13-36
31            android:label="@string/app_name"
31-->src\main\AndroidManifest.xml:23:13-45
32            android:theme="@style/Theme.ReminisceTest" >
32-->src\main\AndroidManifest.xml:24:13-55
33            <intent-filter>
33-->src\main\AndroidManifest.xml:25:13-29:29
34                <action android:name="android.intent.action.MAIN" />
34-->src\main\AndroidManifest.xml:26:17-69
34-->src\main\AndroidManifest.xml:26:25-66
35
36                <category android:name="android.intent.category.LAUNCHER" />
36-->src\main\AndroidManifest.xml:28:17-77
36-->src\main\AndroidManifest.xml:28:27-74
37            </intent-filter>
38        </activity>
39        <activity
39-->[androidx.compose.ui:ui-tooling:1.2.0] AndroidManifest.xml:24:9-26:39
40            android:name="androidx.compose.ui.tooling.PreviewActivity"
40-->[androidx.compose.ui:ui-tooling:1.2.0] AndroidManifest.xml:25:13-71
41            android:exported="true" />
41-->[androidx.compose.ui:ui-tooling:1.2.0] AndroidManifest.xml:26:13-36
42        <activity
42-->[androidx.compose.ui:ui-test-manifest:1.2.0] AndroidManifest.xml:24:9-26:39
43            android:name="androidx.activity.ComponentActivity"
43-->[androidx.compose.ui:ui-test-manifest:1.2.0] AndroidManifest.xml:25:13-63
44            android:exported="true" />
44-->[androidx.compose.ui:ui-test-manifest:1.2.0] AndroidManifest.xml:26:13-36
45
46        <provider
46-->[androidx.profileinstaller:profileinstaller:1.2.0] AndroidManifest.xml:25:9-33:20
47            android:name="androidx.startup.InitializationProvider"
47-->[androidx.profileinstaller:profileinstaller:1.2.0] AndroidManifest.xml:26:13-67
48            android:authorities="edu.umich.aehill.reminiscetest.androidx-startup"
48-->[androidx.profileinstaller:profileinstaller:1.2.0] AndroidManifest.xml:27:13-68
49            android:exported="false" >
49-->[androidx.profileinstaller:profileinstaller:1.2.0] AndroidManifest.xml:28:13-37
50            <meta-data
50-->[androidx.profileinstaller:profileinstaller:1.2.0] AndroidManifest.xml:30:13-32:52
51                android:name="androidx.profileinstaller.ProfileInstallerInitializer"
51-->[androidx.profileinstaller:profileinstaller:1.2.0] AndroidManifest.xml:31:17-85
52                android:value="androidx.startup" />
52-->[androidx.profileinstaller:profileinstaller:1.2.0] AndroidManifest.xml:32:17-49
53        </provider>
54
55        <receiver
55-->[androidx.profileinstaller:profileinstaller:1.2.0] AndroidManifest.xml:35:9-47:20
56            android:name="androidx.profileinstaller.ProfileInstallReceiver"
56-->[androidx.profileinstaller:profileinstaller:1.2.0] AndroidManifest.xml:36:13-76
57            android:directBootAware="false"
57-->[androidx.profileinstaller:profileinstaller:1.2.0] AndroidManifest.xml:37:13-44
58            android:enabled="true"
58-->[androidx.profileinstaller:profileinstaller:1.2.0] AndroidManifest.xml:38:13-35
59            android:exported="true"
59-->[androidx.profileinstaller:profileinstaller:1.2.0] AndroidManifest.xml:39:13-36
60            android:permission="android.permission.DUMP" >
60-->[androidx.profileinstaller:profileinstaller:1.2.0] AndroidManifest.xml:40:13-57
61            <intent-filter>
61-->[androidx.profileinstaller:profileinstaller:1.2.0] AndroidManifest.xml:41:13-43:29
62                <action android:name="androidx.profileinstaller.action.INSTALL_PROFILE" />
62-->[androidx.profileinstaller:profileinstaller:1.2.0] AndroidManifest.xml:42:17-91
62-->[androidx.profileinstaller:profileinstaller:1.2.0] AndroidManifest.xml:42:25-88
63            </intent-filter>
64            <intent-filter>
64-->[androidx.profileinstaller:profileinstaller:1.2.0] AndroidManifest.xml:44:13-46:29
65                <action android:name="androidx.profileinstaller.action.SKIP_FILE" />
65-->[androidx.profileinstaller:profileinstaller:1.2.0] AndroidManifest.xml:45:17-85
65-->[androidx.profileinstaller:profileinstaller:1.2.0] AndroidManifest.xml:45:25-82
66            </intent-filter>
67        </receiver>
68    </application>
69
70</manifest>